2022-05-04 15:25:35.375  INFO 1432 --- [restartedMain] com.yimin.carlayui.CarLayuiApplication   : Starting CarLayuiApplication using Java 1.8.0_251 on LAPTOP-53OU72OO with PID 1432 (D:\projects\idea\car-layui\target\classes started by artisane in D:\projects\idea\car-layui)
2022-05-04 15:25:35.381 DEBUG 1432 --- [restartedMain] com.yimin.carlayui.CarLayuiApplication   : Running with Spring Boot v2.6.4, Spring v5.3.16
2022-05-04 15:25:35.382  INFO 1432 --- [restartedMain] com.yimin.carlayui.CarLayuiApplication   : No active profile set, falling back to 1 default profile: "default"
2022-05-04 15:25:35.451  INFO 1432 --- [restartedMain] .e.DevToolsPropertyDefaultsPostProcessor : Devtools property defaults active! Set 'spring.devtools.add-properties' to 'false' to disable
2022-05-04 15:25:35.452  INFO 1432 --- [restartedMain] .e.DevToolsPropertyDefaultsPostProcessor : For additional web related logging consider setting the 'logging.level.web' property to 'DEBUG'
2022-05-04 15:25:36.651  INFO 1432 --- [restartedMain] trationDelegate$BeanPostProcessorChecker : Bean 'org.apache.shiro.spring.boot.autoconfigure.ShiroBeanAutoConfiguration' of type [org.apache.shiro.spring.boot.autoconfigure.ShiroBeanAutoConfiguration$$EnhancerBySpringCGLIB$$b422203d] is not eligible for getting processed by all BeanPostProcessors (for example: not eligible for auto-proxying)
2022-05-04 15:25:36.694  INFO 1432 --- [restartedMain] trationDelegate$BeanPostProcessorChecker : Bean 'org.apache.shiro.spring.boot.autoconfigure.ShiroAnnotationProcessorAutoConfiguration' of type [org.apache.shiro.spring.boot.autoconfigure.ShiroAnnotationProcessorAutoConfiguration$$EnhancerBySpringCGLIB$$b6b55ee2] is not eligible for getting processed by all BeanPostProcessors (for example: not eligible for auto-proxying)
2022-05-04 15:25:36.711  INFO 1432 --- [restartedMain] trationDelegate$BeanPostProcessorChecker : Bean 'shiroConfig' of type [com.yimin.carlayui.config.ShiroConfig$$EnhancerBySpringCGLIB$$f3c08f2a] is not eligible for getting processed by all BeanPostProcessors (for example: not eligible for auto-proxying)
2022-05-04 15:25:36.782  INFO 1432 --- [restartedMain] trationDelegate$BeanPostProcessorChecker : Bean 'mybatis-plus-com.baomidou.mybatisplus.autoconfigure.MybatisPlusProperties' of type [com.baomidou.mybatisplus.autoconfigure.MybatisPlusProperties] is not eligible for getting processed by all BeanPostProcessors (for example: not eligible for auto-proxying)
2022-05-04 15:25:36.786  INFO 1432 --- [restartedMain] trationDelegate$BeanPostProcessorChecker : Bean 'myBatisPlusConfig' of type [com.yimin.carlayui.config.MyBatisPlusConfig$$EnhancerBySpringCGLIB$$5945b5e6] is not eligible for getting processed by all BeanPostProcessors (for example: not eligible for auto-proxying)
2022-05-04 15:25:36.791  INFO 1432 --- [restartedMain] trationDelegate$BeanPostProcessorChecker : Bean 'paginationInterceptor' of type [com.baomidou.mybatisplus.extension.plugins.PaginationInterceptor] is not eligible for getting processed by all BeanPostProcessors (for example: not eligible for auto-proxying)
2022-05-04 15:25:36.795  INFO 1432 --- [restartedMain] trationDelegate$BeanPostProcessorChecker : Bean 'com.baomidou.mybatisplus.autoconfigure.MybatisPlusAutoConfiguration' of type [com.baomidou.mybatisplus.autoconfigure.MybatisPlusAutoConfiguration$$EnhancerBySpringCGLIB$$ded1af27] is not eligible for getting processed by all BeanPostProcessors (for example: not eligible for auto-proxying)
2022-05-04 15:25:36.796  INFO 1432 --- [restartedMain] trationDelegate$BeanPostProcessorChecker : Bean 'org.springframework.boot.autoconfigure.jdbc.DataSourceConfiguration$Generic' of type [org.springframework.boot.autoconfigure.jdbc.DataSourceConfiguration$Generic] is not eligible for getting processed by all BeanPostProcessors (for example: not eligible for auto-proxying)
2022-05-04 15:25:36.811  INFO 1432 --- [restartedMain] trationDelegate$BeanPostProcessorChecker : Bean 'spring.datasource-org.springframework.boot.autoconfigure.jdbc.DataSourceProperties' of type [org.springframework.boot.autoconfigure.jdbc.DataSourceProperties] is not eligible for getting processed by all BeanPostProcessors (for example: not eligible for auto-proxying)
2022-05-04 15:25:36.856  INFO 1432 --- [restartedMain] trationDelegate$BeanPostProcessorChecker : Bean 'dataSource' of type [com.alibaba.druid.pool.DruidDataSource] is not eligible for getting processed by all BeanPostProcessors (for example: not eligible for auto-proxying)
2022-05-04 15:25:36.984  INFO 1432 --- [restartedMain] com.alibaba.druid.pool.DruidDataSource   : {dataSource-1} inited
2022-05-04 15:25:37.124  INFO 1432 --- [restartedMain] trationDelegate$BeanPostProcessorChecker : Bean 'sqlSessionFactory' of type [org.apache.ibatis.session.defaults.DefaultSqlSessionFactory] is not eligible for getting processed by all BeanPostProcessors (for example: not eligible for auto-proxying)
2022-05-04 15:25:37.128  INFO 1432 --- [restartedMain] trationDelegate$BeanPostProcessorChecker : Bean 'sqlSessionTemplate' of type [org.mybatis.spring.SqlSessionTemplate] is not eligible for getting processed by all BeanPostProcessors (for example: not eligible for auto-proxying)
2022-05-04 15:25:37.439  INFO 1432 --- [restartedMain] trationDelegate$BeanPostProcessorChecker : Bean 'userMapper' of type [org.mybatis.spring.mapper.MapperFactoryBean] is not eligible for getting processed by all BeanPostProcessors (for example: not eligible for auto-proxying)
2022-05-04 15:25:37.442  INFO 1432 --- [restartedMain] trationDelegate$BeanPostProcessorChecker : Bean 'userMapper' of type [com.sun.proxy.$Proxy74] is not eligible for getting processed by all BeanPostProcessors (for example: not eligible for auto-proxying)
2022-05-04 15:25:37.445  INFO 1432 --- [restartedMain] trationDelegate$BeanPostProcessorChecker : Bean 'realm' of type [com.yimin.carlayui.shiro.MyRealm] is not eligible for getting processed by all BeanPostProcessors (for example: not eligible for auto-proxying)
2022-05-04 15:25:38.100  INFO 1432 --- [restartedMain] trationDelegate$BeanPostProcessorChecker : Bean 'defaultWebSecurityManager' of type [org.apache.shiro.web.mgt.DefaultWebSecurityManager] is not eligible for getting processed by all BeanPostProcessors (for example: not eligible for auto-proxying)
2022-05-04 15:25:38.120  INFO 1432 --- [restartedMain] trationDelegate$BeanPostProcessorChecker : Bean 'authorizationAttributeSourceAdvisor' of type [org.apache.shiro.spring.security.interceptor.AuthorizationAttributeSourceAdvisor] is not eligible for getting processed by all BeanPostProcessors (for example: not eligible for auto-proxying)
2022-05-04 15:25:38.129  INFO 1432 --- [restartedMain] trationDelegate$BeanPostProcessorChecker : Bean 'eventBus' of type [org.apache.shiro.event.support.DefaultEventBus] is not eligible for getting processed by all BeanPostProcessors (for example: not eligible for auto-proxying)
2022-05-04 15:25:38.392  INFO 1432 --- [restartedMain] o.s.b.w.embedded.tomcat.TomcatWebServer  : Tomcat initialized with port(s): 8080 (http)
2022-05-04 15:25:38.405  INFO 1432 --- [restartedMain] o.apache.catalina.core.StandardService   : Starting service [Tomcat]
2022-05-04 15:25:38.405  INFO 1432 --- [restartedMain] org.apache.catalina.core.StandardEngine  : Starting Servlet engine: [Apache Tomcat/9.0.58]
2022-05-04 15:25:38.489  INFO 1432 --- [restartedMain] o.a.c.c.C.[Tomcat].[localhost].[/]       : Initializing Spring embedded WebApplicationContext
2022-05-04 15:25:38.489  INFO 1432 --- [restartedMain] w.s.c.ServletWebServerApplicationContext : Root WebApplicationContext: initialization completed in 3037 ms
2022-05-04 15:25:39.166  INFO 1432 --- [restartedMain] o.s.b.a.w.s.WelcomePageHandlerMapping    : Adding welcome page template: index
2022-05-04 15:25:39.461  INFO 1432 --- [restartedMain] o.s.b.d.a.OptionalLiveReloadServer       : LiveReload server is running on port 35729
2022-05-04 15:25:39.601  INFO 1432 --- [restartedMain] o.s.b.w.embedded.tomcat.TomcatWebServer  : Tomcat started on port(s): 8080 (http) with context path ''
2022-05-04 15:25:39.626  INFO 1432 --- [restartedMain] com.yimin.carlayui.CarLayuiApplication   : Started CarLayuiApplication in 4.858 seconds (JVM running for 6.267)
2022-05-04 15:26:34.922  INFO 1432 --- [http-nio-8080-exec-1] o.a.c.c.C.[Tomcat].[localhost].[/]       : Initializing Spring DispatcherServlet 'dispatcherServlet'
2022-05-04 15:26:34.922  INFO 1432 --- [http-nio-8080-exec-1] o.s.web.servlet.DispatcherServlet        : Initializing Servlet 'dispatcherServlet'
2022-05-04 15:26:34.922  INFO 1432 --- [http-nio-8080-exec-1] o.s.web.servlet.DispatcherServlet        : Completed initialization in 0 ms
2022-05-04 15:26:35.352 DEBUG 1432 --- [http-nio-8080-exec-1] c.y.c.mapper.CarMapper.selectList        : ==>  Preparing: SELECT id,create_time,user_id,car_id,type,car_describe,rent,deposit,status,thumbnail_url,slide_url,address,contact_name,contact_phone,is_deleted FROM car WHERE is_deleted=0 AND status = ? ORDER BY create_time DESC limit 6 
2022-05-04 15:26:35.467 DEBUG 1432 --- [http-nio-8080-exec-1] c.y.c.mapper.CarMapper.selectList        : ==> Parameters: 1(Integer)
2022-05-04 15:26:35.592 DEBUG 1432 --- [http-nio-8080-exec-1] c.y.c.mapper.CarMapper.selectList        : <==      Total: 6
2022-05-04 15:26:43.931 DEBUG 1432 --- [http-nio-8080-exec-3] c.y.c.mapper.CarMapper.selectList        : ==>  Preparing: SELECT id,create_time,user_id,car_id,type,car_describe,rent,deposit,status,thumbnail_url,slide_url,address,contact_name,contact_phone,is_deleted FROM car WHERE is_deleted=0 AND status = ? ORDER BY create_time DESC limit 6 
2022-05-04 15:26:43.932 DEBUG 1432 --- [http-nio-8080-exec-3] c.y.c.mapper.CarMapper.selectList        : ==> Parameters: 1(Integer)
2022-05-04 15:26:43.938 DEBUG 1432 --- [http-nio-8080-exec-3] c.y.c.mapper.CarMapper.selectList        : <==      Total: 6
2022-05-04 15:26:44.153 DEBUG 1432 --- [http-nio-8080-exec-4] c.y.c.mapper.CarMapper.selectList        : ==>  Preparing: SELECT id,create_time,user_id,car_id,type,car_describe,rent,deposit,status,thumbnail_url,slide_url,address,contact_name,contact_phone,is_deleted FROM car WHERE is_deleted=0 AND status = ? ORDER BY create_time DESC limit 6 
2022-05-04 15:26:44.153 DEBUG 1432 --- [http-nio-8080-exec-4] c.y.c.mapper.CarMapper.selectList        : ==> Parameters: 1(Integer)
2022-05-04 15:26:44.170 DEBUG 1432 --- [http-nio-8080-exec-4] c.y.c.mapper.CarMapper.selectList        : <==      Total: 6
2022-05-04 15:26:45.324 DEBUG 1432 --- [http-nio-8080-exec-8] c.y.c.mapper.CarMapper.selectList        : ==>  Preparing: SELECT id,create_time,user_id,car_id,type,car_describe,rent,deposit,status,thumbnail_url,slide_url,address,contact_name,contact_phone,is_deleted FROM car WHERE is_deleted=0 AND status = ? ORDER BY create_time DESC limit 6 
2022-05-04 15:26:45.325 DEBUG 1432 --- [http-nio-8080-exec-8] c.y.c.mapper.CarMapper.selectList        : ==> Parameters: 1(Integer)
2022-05-04 15:26:45.332 DEBUG 1432 --- [http-nio-8080-exec-8] c.y.c.mapper.CarMapper.selectList        : <==      Total: 6
2022-05-04 15:26:45.620 DEBUG 1432 --- [http-nio-8080-exec-6] c.y.c.mapper.CarMapper.selectList        : ==>  Preparing: SELECT id,create_time,user_id,car_id,type,car_describe,rent,deposit,status,thumbnail_url,slide_url,address,contact_name,contact_phone,is_deleted FROM car WHERE is_deleted=0 AND status = ? ORDER BY create_time DESC limit 6 
2022-05-04 15:26:45.620 DEBUG 1432 --- [http-nio-8080-exec-6] c.y.c.mapper.CarMapper.selectList        : ==> Parameters: 1(Integer)
2022-05-04 15:26:45.632 DEBUG 1432 --- [http-nio-8080-exec-6] c.y.c.mapper.CarMapper.selectList        : <==      Total: 6
2022-05-04 15:26:48.587 DEBUG 1432 --- [http-nio-8080-exec-10] c.y.c.mapper.CarMapper.selectList        : ==>  Preparing: SELECT id,create_time,user_id,car_id,type,car_describe,rent,deposit,status,thumbnail_url,slide_url,address,contact_name,contact_phone,is_deleted FROM car WHERE is_deleted=0 AND status = ? ORDER BY create_time DESC limit 6 
2022-05-04 15:26:48.588 DEBUG 1432 --- [http-nio-8080-exec-10] c.y.c.mapper.CarMapper.selectList        : ==> Parameters: 1(Integer)
2022-05-04 15:26:48.590 DEBUG 1432 --- [http-nio-8080-exec-10] c.y.c.mapper.CarMapper.selectList        : <==      Total: 6
2022-05-04 15:26:48.828 DEBUG 1432 --- [http-nio-8080-exec-7] c.y.c.mapper.CarMapper.selectList        : ==>  Preparing: SELECT id,create_time,user_id,car_id,type,car_describe,rent,deposit,status,thumbnail_url,slide_url,address,contact_name,contact_phone,is_deleted FROM car WHERE is_deleted=0 AND status = ? ORDER BY create_time DESC limit 6 
2022-05-04 15:26:48.829 DEBUG 1432 --- [http-nio-8080-exec-7] c.y.c.mapper.CarMapper.selectList        : ==> Parameters: 1(Integer)
2022-05-04 15:26:48.833 DEBUG 1432 --- [http-nio-8080-exec-7] c.y.c.mapper.CarMapper.selectList        : <==      Total: 6
2022-05-04 15:26:49.365 DEBUG 1432 --- [http-nio-8080-exec-2] c.y.c.mapper.CarMapper.selectList        : ==>  Preparing: SELECT id,create_time,user_id,car_id,type,car_describe,rent,deposit,status,thumbnail_url,slide_url,address,contact_name,contact_phone,is_deleted FROM car WHERE is_deleted=0 AND status = ? ORDER BY create_time DESC limit 6 
2022-05-04 15:26:49.366 DEBUG 1432 --- [http-nio-8080-exec-2] c.y.c.mapper.CarMapper.selectList        : ==> Parameters: 1(Integer)
2022-05-04 15:26:49.369 DEBUG 1432 --- [http-nio-8080-exec-2] c.y.c.mapper.CarMapper.selectList        : <==      Total: 6
2022-05-04 15:26:49.565 DEBUG 1432 --- [http-nio-8080-exec-9] c.y.c.mapper.CarMapper.selectList        : ==>  Preparing: SELECT id,create_time,user_id,car_id,type,car_describe,rent,deposit,status,thumbnail_url,slide_url,address,contact_name,contact_phone,is_deleted FROM car WHERE is_deleted=0 AND status = ? ORDER BY create_time DESC limit 6 
2022-05-04 15:26:49.565 DEBUG 1432 --- [http-nio-8080-exec-9] c.y.c.mapper.CarMapper.selectList        : ==> Parameters: 1(Integer)
2022-05-04 15:26:49.570 DEBUG 1432 --- [http-nio-8080-exec-9] c.y.c.mapper.CarMapper.selectList        : <==      Total: 6
2022-05-04 15:26:50.458 DEBUG 1432 --- [http-nio-8080-exec-1] c.y.c.mapper.CarMapper.selectList        : ==>  Preparing: SELECT id,create_time,user_id,car_id,type,car_describe,rent,deposit,status,thumbnail_url,slide_url,address,contact_name,contact_phone,is_deleted FROM car WHERE is_deleted=0 AND status = ? ORDER BY create_time DESC limit 6 
2022-05-04 15:26:50.459 DEBUG 1432 --- [http-nio-8080-exec-1] c.y.c.mapper.CarMapper.selectList        : ==> Parameters: 1(Integer)
2022-05-04 15:26:50.464 DEBUG 1432 --- [http-nio-8080-exec-1] c.y.c.mapper.CarMapper.selectList        : <==      Total: 6
2022-05-04 15:26:50.675 DEBUG 1432 --- [http-nio-8080-exec-3] c.y.c.mapper.CarMapper.selectList        : ==>  Preparing: SELECT id,create_time,user_id,car_id,type,car_describe,rent,deposit,status,thumbnail_url,slide_url,address,contact_name,contact_phone,is_deleted FROM car WHERE is_deleted=0 AND status = ? ORDER BY create_time DESC limit 6 
2022-05-04 15:26:50.676 DEBUG 1432 --- [http-nio-8080-exec-3] c.y.c.mapper.CarMapper.selectList        : ==> Parameters: 1(Integer)
2022-05-04 15:26:50.680 DEBUG 1432 --- [http-nio-8080-exec-3] c.y.c.mapper.CarMapper.selectList        : <==      Total: 6
2022-05-04 15:28:57.519 DEBUG 1432 --- [http-nio-8080-exec-10] c.y.c.mapper.CarMapper.selectList        : ==>  Preparing: SELECT id,create_time,user_id,car_id,type,car_describe,rent,deposit,status,thumbnail_url,slide_url,address,contact_name,contact_phone,is_deleted FROM car WHERE is_deleted=0 AND status = ? ORDER BY create_time DESC limit 6 
2022-05-04 15:28:57.520 DEBUG 1432 --- [http-nio-8080-exec-10] c.y.c.mapper.CarMapper.selectList        : ==> Parameters: 1(Integer)
2022-05-04 15:28:57.523 DEBUG 1432 --- [http-nio-8080-exec-10] c.y.c.mapper.CarMapper.selectList        : <==      Total: 6
2022-05-04 15:28:57.885 DEBUG 1432 --- [http-nio-8080-exec-1] c.y.c.mapper.CarMapper.selectList        : ==>  Preparing: SELECT id,create_time,user_id,car_id,type,car_describe,rent,deposit,status,thumbnail_url,slide_url,address,contact_name,contact_phone,is_deleted FROM car WHERE is_deleted=0 AND status = ? ORDER BY create_time DESC limit 6 
2022-05-04 15:28:57.885 DEBUG 1432 --- [http-nio-8080-exec-1] c.y.c.mapper.CarMapper.selectList        : ==> Parameters: 1(Integer)
2022-05-04 15:28:57.887 DEBUG 1432 --- [http-nio-8080-exec-1] c.y.c.mapper.CarMapper.selectList        : <==      Total: 6
2022-05-04 15:29:11.110 DEBUG 1432 --- [http-nio-8080-exec-2] c.y.c.mapper.CarMapper.selectList        : ==>  Preparing: SELECT id,create_time,user_id,car_id,type,car_describe,rent,deposit,status,thumbnail_url,slide_url,address,contact_name,contact_phone,is_deleted FROM car WHERE is_deleted=0 AND status = ? ORDER BY create_time DESC limit 6 
2022-05-04 15:29:11.110 DEBUG 1432 --- [http-nio-8080-exec-2] c.y.c.mapper.CarMapper.selectList        : ==> Parameters: 1(Integer)
2022-05-04 15:29:11.112 DEBUG 1432 --- [http-nio-8080-exec-2] c.y.c.mapper.CarMapper.selectList        : <==      Total: 6
2022-05-04 15:29:11.479 DEBUG 1432 --- [http-nio-8080-exec-6] c.y.c.mapper.CarMapper.selectList        : ==>  Preparing: SELECT id,create_time,user_id,car_id,type,car_describe,rent,deposit,status,thumbnail_url,slide_url,address,contact_name,contact_phone,is_deleted FROM car WHERE is_deleted=0 AND status = ? ORDER BY create_time DESC limit 6 
2022-05-04 15:29:11.480 DEBUG 1432 --- [http-nio-8080-exec-6] c.y.c.mapper.CarMapper.selectList        : ==> Parameters: 1(Integer)
2022-05-04 15:29:11.482 DEBUG 1432 --- [http-nio-8080-exec-6] c.y.c.mapper.CarMapper.selectList        : <==      Total: 6
